<?xml version="1.0" encoding="UTF-8"?>
<testsuite xmlns:xsi="http://www.w3.org/2001/XMLSchema-instance" xsi:noNamespaceSchemaLocation="https://maven.apache.org/surefire/maven-surefire-plugin/xsd/surefire-test-report-3.0.xsd" version="3.0" name="com.pe.unieventia.UnieventiaApplicationTests" time="3.111" tests="1" errors="0" skipped="0" failures="0">
  <properties>
[...]
</properties>
  <testcase name="contextLoads" classname="com.pe.unieventia.UnieventiaApplicationTests" time="0.56">
    <system-out><![CDATA[18:58:26.797 [main] INFO org.springframework.test.context.support.AnnotationConfigContextLoaderUtils -- Could not detect default configuration classes for test class [com.pe.unieventia.UnieventiaApplicationTests]: UnieventiaApplicationTests does not declare any static, non-private, non-final, nested classes annotated with @Configuration.
18:58:26.873 [main] INFO org.springframework.boot.test.context.SpringBootTestContextBootstrapper -- Found @SpringBootConfiguration com.pe.unieventia.UnieventiaApplication for test class com.pe.unieventia.UnieventiaApplicationTests

  .   ____          _            __ _ _
 /\\ / ___'_ __ _ _(_)_ __  __ _ \ \ \ \
( ( )\___ | '_ | '_| | '_ \/ _` | \ \ \ \
 \\/  ___)| |_)| | | | | || (_| |  ) ) ) )
  '  |____| .__|_| |_|_| |_\__, | / / / /
 =========|_|==============|___/=/_/_/_/
 :: Spring Boot ::                (v3.1.4)

2023-09-29T18:58:27.176-05:00  INFO 23862 --- [           main] c.p.u.UnieventiaApplicationTests         : Starting UnieventiaApplicationTests using Java 17.0.8 with PID 23862 (started by aldiqui in /home/aldiqui/documents/dev/unieventia/api)
2023-09-29T18:58:27.178-05:00  INFO 23862 --- [           main] c.p.u.UnieventiaApplicationTests         : No active profile set, falling back to 1 default profile: "default"
2023-09-29T18:58:27.608-05:00  INFO 23862 --- [           main] .s.d.r.c.RepositoryConfigurationDelegate : Bootstrapping Spring Data JPA repositories in DEFAULT mode.
2023-09-29T18:58:27.623-05:00  INFO 23862 --- [           main] .s.d.r.c.RepositoryConfigurationDelegate : Finished Spring Data repository scanning in 9 ms. Found 0 JPA repository interfaces.
2023-09-29T18:58:27.941-05:00  INFO 23862 --- [           main] o.hibernate.jpa.internal.util.LogHelper  : HHH000204: Processing PersistenceUnitInfo [name: default]
2023-09-29T18:58:27.979-05:00  INFO 23862 --- [           main] org.hibernate.Version                    : HHH000412: Hibernate ORM core version 6.2.9.Final
2023-09-29T18:58:27.981-05:00  INFO 23862 --- [           main] org.hibernate.cfg.Environment            : HHH000406: Using bytecode reflection optimizer
2023-09-29T18:58:28.066-05:00 DEBUG 23862 --- [           main] org.hibernate.type.BasicTypeRegistry     : Adding type registration boolean -> org.hibernate.type.BasicTypeReference@67d32a54
2023-09-29T18:58:28.067-05:00 DEBUG 23862 --- [           main] org.hibernate.type.BasicTypeRegistry     : Adding type registration boolean -> org.hibernate.type.BasicTypeReference@67d32a54
2023-09-29T18:58:28.067-05:00 DEBUG 23862 --- [           main] org.hibernate.type.BasicTypeRegistry     : Adding type registration java.lang.Boolean -> org.hibernate.type.BasicTypeReference@67d32a54
2023-09-29T18:58:28.067-05:00 DEBUG 23862 --- [           main] org.hibernate.type.BasicTypeRegistry     : Adding type registration numeric_boolean -> org.hibernate.type.BasicTypeReference@314a31b0
2023-09-29T18:58:28.067-05:00 DEBUG 23862 --- [           main] org.hibernate.type.BasicTypeRegistry     : Adding type registration org.hibernate.type.NumericBooleanConverter -> org.hibernate.type.BasicTypeReference@314a31b0
2023-09-29T18:58:28.067-05:00 DEBUG 23862 --- [           main] org.hibernate.type.BasicTypeRegistry     : Adding type registration true_false -> org.hibernate.type.BasicTypeReference@2753316c
2023-09-29T18:58:28.068-05:00 DEBUG 23862 --- [           main] org.hibernate.type.BasicTypeRegistry     : Adding type registration org.hibernate.type.TrueFalseConverter -> org.hibernate.type.BasicTypeReference@2753316c
2023-09-29T18:58:28.068-05:00 DEBUG 23862 --- [           main] org.hibernate.type.BasicTypeRegistry     : Adding type registration yes_no -> org.hibernate.type.BasicTypeReference@59edb4f5
2023-09-29T18:58:28.068-05:00 DEBUG 23862 --- [           main] org.hibernate.type.BasicTypeRegistry     : Adding type registration org.hibernate.type.YesNoConverter -> org.hibernate.type.BasicTypeReference@59edb4f5
2023-09-29T18:58:28.068-05:00 DEBUG 23862 --- [           main] org.hibernate.type.BasicTypeRegistry     : Adding type registration byte -> org.hibernate.type.BasicTypeReference@2792b416
2023-09-29T18:58:28.068-05:00 DEBUG 23862 --- [           main] org.hibernate.type.BasicTypeRegistry     : Adding type registration byte -> org.hibernate.type.BasicTypeReference@2792b416
2023-09-29T18:58:28.068-05:00 DEBUG 23862 --- [           main] org.hibernate.type.BasicTypeRegistry     : Adding type registration java.lang.Byte -> org.hibernate.type.BasicTypeReference@2792b416
2023-09-29T18:58:28.068-05:00 DEBUG 23862 --- [           main] org.hibernate.type.BasicTypeRegistry     : Adding type registration binary -> org.hibernate.type.BasicTypeReference@4735d6e5
2023-09-29T18:58:28.069-05:00 DEBUG 23862 --- [           main] org.hibernate.type.BasicTypeRegistry     : Adding type registration byte[] -> org.hibernate.type.BasicTypeReference@4735d6e5
2023-09-29T18:58:28.069-05:00 DEBUG 23862 --- [           main] org.hibernate.type.BasicTypeRegistry     : Adding type registration [B -> org.hibernate.type.BasicTypeReference@4735d6e5
2023-09-29T18:58:28.069-05:00 DEBUG 23862 --- [           main] org.hibernate.type.BasicTypeRegistry     : Adding type registration binary_wrapper -> org.hibernate.type.BasicTypeReference@7fad214a
2023-09-29T18:58:28.069-05:00 DEBUG 23862 --- [           main] org.hibernate.type.BasicTypeRegistry     : Adding type registration wrapper-binary -> org.hibernate.type.BasicTypeReference@7fad214a
2023-09-29T18:58:28.069-05:00 DEBUG 23862 --- [           main] org.hibernate.type.BasicTypeRegistry     : Adding type registration image -> org.hibernate.type.BasicTypeReference@164642a4
2023-09-29T18:58:28.069-05:00 DEBUG 23862 --- [           main] org.hibernate.type.BasicTypeRegistry     : Adding type registration blob -> org.hibernate.type.BasicTypeReference@75cf0de5
2023-09-29T18:58:28.070-05:00 DEBUG 23862 --- [           main] org.hibernate.type.BasicTypeRegistry     : Adding type registration java.sql.Blob -> org.hibernate.type.BasicTypeReference@75cf0de5
2023-09-29T18:58:28.070-05:00 DEBUG 23862 --- [           main] org.hibernate.type.BasicTypeRegistry     : Adding type registration materialized_blob -> org.hibernate.type.BasicTypeReference@50b0afd7
2023-09-29T18:58:28.070-05:00 DEBUG 23862 --- [           main] org.hibernate.type.BasicTypeRegistry     : Adding type registration materialized_blob_wrapper -> org.hibernate.type.BasicTypeReference@468173fa
2023-09-29T18:58:28.070-05:00 DEBUG 23862 --- [           main] org.hibernate.type.BasicTypeRegistry     : Adding type registration short -> org.hibernate.type.BasicTypeReference@62765aec
2023-09-29T18:58:28.070-05:00 DEBUG 23862 --- [           main] org.hibernate.type.BasicTypeRegistry     : Adding type registration short -> org.hibernate.type.BasicTypeReference@62765aec
2023-09-29T18:58:28.070-05:00 DEBUG 23862 --- [           main] org.hibernate.type.BasicTypeRegistry     : Adding type registration java.lang.Short -> org.hibernate.type.BasicTypeReference@62765aec
2023-09-29T18:58:28.070-05:00 DEBUG 23862 --- [           main] org.hibernate.type.BasicTypeRegistry     : Adding type registration integer -> org.hibernate.type.BasicTypeReference@6f5bd362
2023-09-29T18:58:28.070-05:00 DEBUG 23862 --- [           main] org.hibernate.type.BasicTypeRegistry     : Adding type registration int -> org.hibernate.type.BasicTypeReference@6f5bd362
2023-09-29T18:58:28.070-05:00 DEBUG 23862 --- [           main] org.hibernate.type.BasicTypeRegistry     : Adding type registration java.lang.Integer -> org.hibernate.type.BasicTypeReference@6f5bd362
2023-09-29T18:58:28.070-05:00 DEBUG 23862 --- [           main] org.hibernate.type.BasicTypeRegistry     : Adding type registration long -> org.hibernate.type.BasicTypeReference@3a401749
2023-09-29T18:58:28.071-05:00 DEBUG 23862 --- [           main] org.hibernate.type.BasicTypeRegistry     : Adding type registration long -> org.hibernate.type.BasicTypeReference@3a401749
2023-09-29T18:58:28.071-05:00 DEBUG 23862 --- [           main] org.hibernate.type.BasicTypeRegistry     : Adding type registration java.lang.Long -> org.hibernate.type.BasicTypeReference@3a401749
2023-09-29T18:58:28.071-05:00 DEBUG 23862 --- [           main] org.hibernate.type.BasicTypeRegistry     : Adding type registration float -> org.hibernate.type.BasicTypeReference@7793ad58
2023-09-29T18:58:28.071-05:00 DEBUG 23862 --- [           main] org.hibernate.type.BasicTypeRegistry     : Adding type registration float -> org.hibernate.type.BasicTypeReference@7793ad58
2023-09-29T18:58:28.071-05:00 DEBUG 23862 --- [           main] org.hibernate.type.BasicTypeRegistry     : Adding type registration java.lang.Float -> org.hibernate.type.BasicTypeReference@7793ad58
2023-09-29T18:58:28.071-05:00 DEBUG 23862 --- [           main] org.hibernate.type.BasicTypeRegistry     : Adding type registration double -> org.hibernate.type.BasicTypeReference@27e2287c
2023-09-29T18:58:28.071-05:00 DEBUG 23862 --- [           main] org.hibernate.type.BasicTypeRegistry     : Adding type registration double -> org.hibernate.type.BasicTypeReference@27e2287c
2023-09-29T18:58:28.071-05:00 DEBUG 23862 --- [           main] org.hibernate.type.BasicTypeRegistry     : Adding type registration java.lang.Double -> org.hibernate.type.BasicTypeReference@27e2287c
2023-09-29T18:58:28.071-05:00 DEBUG 23862 --- [           main] org.hibernate.type.BasicTypeRegistry     : Adding type registration big_integer -> org.hibernate.type.BasicTypeReference@16132f21
2023-09-29T18:58:28.071-05:00 DEBUG 23862 --- [           main] org.hibernate.type.BasicTypeRegistry     : Adding type registration java.math.BigInteger -> org.hibernate.type.BasicTypeReference@16132f21
2023-09-29T18:58:28.071-05:00 DEBUG 23862 --- [           main] org.hibernate.type.BasicTypeRegistry     : Adding type registration big_decimal -> org.hibernate.type.BasicTypeReference@2cd388f5
2023-09-29T18:58:28.072-05:00 DEBUG 23862 --- [           main] org.hibernate.type.BasicTypeRegistry     : Adding type registration java.math.BigDecimal -> org.hibernate.type.BasicTypeReference@2cd388f5
2023-09-29T18:58:28.072-05:00 DEBUG 23862 --- [           main] org.hibernate.type.BasicTypeRegistry     : Adding type registration character -> org.hibernate.type.BasicTypeReference@4640195a
2023-09-29T18:58:28.072-05:00 DEBUG 23862 --- [           main] org.hibernate.type.BasicTypeRegistry     : Adding type registration char -> org.hibernate.type.BasicTypeReference@4640195a
2023-09-29T18:58:28.072-05:00 DEBUG 23862 --- [           main] org.hibernate.type.BasicTypeRegistry     : Adding type registration java.lang.Character -> org.hibernate.type.BasicTypeReference@4640195a
2023-09-29T18:58:28.072-05:00 DEBUG 23862 --- [           main] org.hibernate.type.BasicTypeRegistry     : Adding type registration character_nchar -> org.hibernate.type.BasicTypeReference@70d77826
2023-09-29T18:58:28.072-05:00 DEBUG 23862 --- [           main] org.hibernate.type.BasicTypeRegistry     : Adding type registration string -> org.hibernate.type.BasicTypeReference@7f323b3a
2023-09-29T18:58:28.072-05:00 DEBUG 23862 --- [           main] org.hibernate.type.BasicTypeRegistry     : Adding type registration java.lang.String -> org.hibernate.type.BasicTypeReference@7f323b3a
2023-09-29T18:58:28.072-05:00 DEBUG 23862 --- [           main] org.hibernate.type.BasicTypeRegistry     : Adding type registration nstring -> org.hibernate.type.BasicTypeReference@4f169009
2023-09-29T18:58:28.072-05:00 DEBUG 23862 --- [           main] org.hibernate.type.BasicTypeRegistry     : Adding type registration characters -> org.hibernate.type.BasicTypeReference@9dada78
2023-09-29T18:58:28.072-05:00 DEBUG 23862 --- [           main] org.hibernate.type.BasicTypeRegistry     : Adding type registration char[] -> org.hibernate.type.BasicTypeReference@9dada78
2023-09-29T18:58:28.073-05:00 DEBUG 23862 --- [           main] org.hibernate.type.BasicTypeRegistry     : Adding type registration [C -> org.hibernate.type.BasicTypeReference@9dada78
2023-09-29T18:58:28.073-05:00 DEBUG 23862 --- [           main] org.hibernate.type.BasicTypeRegistry     : Adding type registration wrapper-characters -> org.hibernate.type.BasicTypeReference@4207852d
2023-09-29T18:58:28.073-05:00 DEBUG 23862 --- [           main] org.hibernate.type.BasicTypeRegistry     : Adding type registration text -> org.hibernate.type.BasicTypeReference@2c829dbc
2023-09-29T18:58:28.073-05:00 DEBUG 23862 --- [           main] org.hibernate.type.BasicTypeRegistry     : Adding type registration ntext -> org.hibernate.type.BasicTypeReference@57efc6fd
2023-09-29T18:58:28.073-05:00 DEBUG 23862 --- [           main] org.hibernate.type.BasicTypeRegistry     : Adding type registration clob -> org.hibernate.type.BasicTypeReference@839df62
2023-09-29T18:58:28.073-05:00 DEBUG 23862 --- [           main] org.hibernate.type.BasicTypeRegistry     : Adding type registration java.sql.Clob -> org.hibernate.type.BasicTypeReference@839df62
2023-09-29T18:58:28.073-05:00 DEBUG 23862 --- [           main] org.hibernate.type.BasicTypeRegistry     : Adding type registration nclob -> org.hibernate.type.BasicTypeReference@76e90da5
2023-09-29T18:58:28.073-05:00 DEBUG 23862 --- [           main] org.hibernate.type.BasicTypeRegistry     : Adding type registration java.sql.NClob -> org.hibernate.type.BasicTypeReference@76e90da5
2023-09-29T18:58:28.073-05:00 DEBUG 23862 --- [           main] org.hibernate.type.BasicTypeRegistry     : Adding type registration materialized_clob -> org.hibernate.type.BasicTypeReference@4e3e11b9
2023-09-29T18:58:28.073-05:00 DEBUG 23862 --- [           main] org.hibernate.type.BasicTypeRegistry     : Adding type registration materialized_clob_char_array -> org.hibernate.type.BasicTypeReference@67cffead
2023-09-29T18:58:28.073-05:00 DEBUG 23862 --- [           main] org.hibernate.type.BasicTypeRegistry     : Adding type registration materialized_clob_character_array -> org.hibernate.type.BasicTypeReference@214beff9
2023-09-29T18:58:28.074-05:00 DEBUG 23862 --- [           main] org.hibernate.type.BasicTypeRegistry     : Adding type registration materialized_nclob -> org.hibernate.type.BasicTypeReference@1ff15a50
2023-09-29T18:58:28.074-05:00 DEBUG 23862 --- [           main] org.hibernate.type.BasicTypeRegistry     : Adding type registration materialized_nclob_character_array -> org.hibernate.type.BasicTypeReference@217c23ce
2023-09-29T18:58:28.074-05:00 DEBUG 23862 --- [           main] org.hibernate.type.BasicTypeRegistry     : Adding type registration materialized_nclob_char_array -> org.hibernate.type.BasicTypeReference@39de9bda
2023-09-29T18:58:28.074-05:00 DEBUG 23862 --- [           main] org.hibernate.type.BasicTypeRegistry     : Adding type registration Duration -> org.hibernate.type.BasicTypeReference@47148f3f
2023-09-29T18:58:28.074-05:00 DEBUG 23862 --- [           main] org.hibernate.type.BasicTypeRegistry     : Adding type registration java.time.Duration -> org.hibernate.type.BasicTypeReference@47148f3f
2023-09-29T18:58:28.074-05:00 DEBUG 23862 --- [           main] org.hibernate.type.BasicTypeRegistry     : Adding type registration LocalDateTime -> org.hibernate.type.BasicTypeReference@52226e57
2023-09-29T18:58:28.074-05:00 DEBUG 23862 --- [           main] org.hibernate.type.BasicTypeRegistry     : Adding type registration java.time.LocalDateTime -> org.hibernate.type.BasicTypeReference@52226e57
2023-09-29T18:58:28.074-05:00 DEBUG 23862 --- [           main] org.hibernate.type.BasicTypeRegistry     : Adding type registration LocalDate -> org.hibernate.type.BasicTypeReference@1200458e
2023-09-29T18:58:28.074-05:00 DEBUG 23862 --- [           main] org.hibernate.type.BasicTypeRegistry     : Adding type registration java.time.LocalDate -> org.hibernate.type.BasicTypeReference@1200458e
2023-09-29T18:58:28.074-05:00 DEBUG 23862 --- [           main] org.hibernate.type.BasicTypeRegistry     : Adding type registration LocalTime -> org.hibernate.type.BasicTypeReference@5fcd1c5f
2023-09-29T18:58:28.074-05:00 DEBUG 23862 --- [           main] org.hibernate.type.BasicTypeRegistry     : Adding type registration java.time.LocalTime -> org.hibernate.type.BasicTypeReference@5fcd1c5f
2023-09-29T18:58:28.075-05:00 DEBUG 23862 --- [           main] org.hibernate.type.BasicTypeRegistry     : Adding type registration OffsetDateTime -> org.hibernate.type.BasicTypeReference@3cc30dee
2023-09-29T18:58:28.075-05:00 DEBUG 23862 --- [           main] org.hibernate.type.BasicTypeRegistry     : Adding type registration java.time.OffsetDateTime -> org.hibernate.type.BasicTypeReference@3cc30dee
2023-09-29T18:58:28.075-05:00 DEBUG 23862 --- [           main] org.hibernate.type.BasicTypeRegistry     : Adding type registration OffsetDateTimeWithTimezone -> org.hibernate.type.BasicTypeReference@7d528cf7
2023-09-29T18:58:28.075-05:00 DEBUG 23862 --- [           main] org.hibernate.type.BasicTypeRegistry     : Adding type registration OffsetDateTimeWithoutTimezone -> org.hibernate.type.BasicTypeReference@6dee8ae6
2023-09-29T18:58:28.075-05:00 DEBUG 23862 --- [           main] org.hibernate.type.BasicTypeRegistry     : Adding type registration OffsetTime -> org.hibernate.type.BasicTypeReference@5af64ce0
2023-09-29T18:58:28.075-05:00 DEBUG 23862 --- [           main] org.hibernate.type.BasicTypeRegistry     : Adding type registration java.time.OffsetTime -> org.hibernate.type.BasicTypeReference@5af64ce0
2023-09-29T18:58:28.075-05:00 DEBUG 23862 --- [           main] org.hibernate.type.BasicTypeRegistry     : Adding type registration OffsetTimeUtc -> org.hibernate.type.BasicTypeReference@7e7e962d
2023-09-29T18:58:28.075-05:00 DEBUG 23862 --- [           main] org.hibernate.type.BasicTypeRegistry     : Adding type registration OffsetTimeWithTimezone -> org.hibernate.type.BasicTypeReference@17229821
2023-09-29T18:58:28.075-05:00 DEBUG 23862 --- [           main] org.hibernate.type.BasicTypeRegistry     : Adding type registration OffsetTimeWithoutTimezone -> org.hibernate.type.BasicTypeReference@e829999
2023-09-29T18:58:28.076-05:00 DEBUG 23862 --- [           main] org.hibernate.type.BasicTypeRegistry     : Adding type registration ZonedDateTime -> org.hibernate.type.BasicTypeReference@66fb45e5
2023-09-29T18:58:28.076-05:00 DEBUG 23862 --- [           main] org.hibernate.type.BasicTypeRegistry     : Adding type registration java.time.ZonedDateTime -> org.hibernate.type.BasicTypeReference@66fb45e5
2023-09-29T18:58:28.076-05:00 DEBUG 23862 --- [           main] org.hibernate.type.BasicTypeRegistry     : Adding type registration ZonedDateTimeWithTimezone -> org.hibernate.type.BasicTypeReference@6cbe68e9
2023-09-29T18:58:28.076-05:00 DEBUG 23862 --- [           main] org.hibernate.type.BasicTypeRegistry     : Adding type registration ZonedDateTimeWithoutTimezone -> org.hibernate.type.BasicTypeReference@6f5e16cf
2023-09-29T18:58:28.076-05:00 DEBUG 23862 --- [           main] org.hibernate.type.BasicTypeRegistry     : Adding type registration date -> org.hibernate.type.BasicTypeReference@750a04ec
2023-09-29T18:58:28.076-05:00 DEBUG 23862 --- [           main] org.hibernate.type.BasicTypeRegistry     : Adding type registration java.sql.Date -> org.hibernate.type.BasicTypeReference@750a04ec
2023-09-29T18:58:28.076-05:00 DEBUG 23862 --- [           main] org.hibernate.type.BasicTypeRegistry     : Adding type registration time -> org.hibernate.type.BasicTypeReference@49e2b3c5
2023-09-29T18:58:28.076-05:00 DEBUG 23862 --- [           main] org.hibernate.type.BasicTypeRegistry     : Adding type registration java.sql.Time -> org.hibernate.type.BasicTypeReference@49e2b3c5
2023-09-29T18:58:28.076-05:00 DEBUG 23862 --- [           main] org.hibernate.type.BasicTypeRegistry     : Adding type registration timestamp -> org.hibernate.type.BasicTypeReference@56846330
2023-09-29T18:58:28.076-05:00 DEBUG 23862 --- [           main] org.hibernate.type.BasicTypeRegistry     : Adding type registration java.sql.Timestamp -> org.hibernate.type.BasicTypeReference@56846330
2023-09-29T18:58:28.076-05:00 DEBUG 23862 --- [           main] org.hibernate.type.BasicTypeRegistry     : Adding type registration java.util.Date -> org.hibernate.type.BasicTypeReference@56846330
2023-09-29T18:58:28.077-05:00 DEBUG 23862 --- [           main] org.hibernate.type.BasicTypeRegistry     : Adding type registration calendar -> org.hibernate.type.BasicTypeReference@49f3ff41
2023-09-29T18:58:28.077-05:00 DEBUG 23862 --- [           main] org.hibernate.type.BasicTypeRegistry     : Adding type registration java.util.Calendar -> org.hibernate.type.BasicTypeReference@49f3ff41
2023-09-29T18:58:28.077-05:00 DEBUG 23862 --- [           main] org.hibernate.type.BasicTypeRegistry     : Adding type registration java.util.GregorianCalendar -> org.hibernate.type.BasicTypeReference@49f3ff41
2023-09-29T18:58:28.077-05:00 DEBUG 23862 --- [           main] org.hibernate.type.BasicTypeRegistry     : Adding type registration calendar_date -> org.hibernate.type.BasicTypeReference@6cfbbff7
2023-09-29T18:58:28.077-05:00 DEBUG 23862 --- [           main] org.hibernate.type.BasicTypeRegistry     : Adding type registration calendar_time -> org.hibernate.type.BasicTypeReference@30db5536
2023-09-29T18:58:28.077-05:00 DEBUG 23862 --- [           main] org.hibernate.type.BasicTypeRegistry     : Adding type registration instant -> org.hibernate.type.BasicTypeReference@45b32dfe
2023-09-29T18:58:28.077-05:00 DEBUG 23862 --- [           main] org.hibernate.type.BasicTypeRegistry     : Adding type registration java.time.Instant -> org.hibernate.type.BasicTypeReference@45b32dfe
2023-09-29T18:58:28.077-05:00 DEBUG 23862 --- [           main] org.hibernate.type.BasicTypeRegistry     : Adding type registration uuid -> org.hibernate.type.BasicTypeReference@136ccbfe
2023-09-29T18:58:28.077-05:00 DEBUG 23862 --- [           main] org.hibernate.type.BasicTypeRegistry     : Adding type registration java.util.UUID -> org.hibernate.type.BasicTypeReference@136ccbfe
2023-09-29T18:58:28.077-05:00 DEBUG 23862 --- [           main] org.hibernate.type.BasicTypeRegistry     : Adding type registration pg-uuid -> org.hibernate.type.BasicTypeReference@136ccbfe
2023-09-29T18:58:28.078-05:00 DEBUG 23862 --- [           main] org.hibernate.type.BasicTypeRegistry     : Adding type registration uuid-binary -> org.hibernate.type.BasicTypeReference@22d9ca63
2023-09-29T18:58:28.078-05:00 DEBUG 23862 --- [           main] org.hibernate.type.BasicTypeRegistry     : Adding type registration uuid-char -> org.hibernate.type.BasicTypeReference@484149eb
2023-09-29T18:58:28.078-05:00 DEBUG 23862 --- [           main] org.hibernate.type.BasicTypeRegistry     : Adding type registration class -> org.hibernate.type.BasicTypeReference@14c141c0
2023-09-29T18:58:28.078-05:00 DEBUG 23862 --- [           main] org.hibernate.type.BasicTypeRegistry     : Adding type registration java.lang.Class -> org.hibernate.type.BasicTypeReference@14c141c0
2023-09-29T18:58:28.078-05:00 DEBUG 23862 --- [           main] org.hibernate.type.BasicTypeRegistry     : Adding type registration currency -> org.hibernate.type.BasicTypeReference@61874b9d
2023-09-29T18:58:28.078-05:00 DEBUG 23862 --- [           main] org.hibernate.type.BasicTypeRegistry     : Adding type registration Currency -> org.hibernate.type.BasicTypeReference@61874b9d
2023-09-29T18:58:28.078-05:00 DEBUG 23862 --- [           main] org.hibernate.type.BasicTypeRegistry     : Adding type registration java.util.Currency -> org.hibernate.type.BasicTypeReference@61874b9d
2023-09-29T18:58:28.078-05:00 DEBUG 23862 --- [           main] org.hibernate.type.BasicTypeRegistry     : Adding type registration locale -> org.hibernate.type.BasicTypeReference@d611f1c
2023-09-29T18:58:28.078-05:00 DEBUG 23862 --- [           main] org.hibernate.type.BasicTypeRegistry     : Adding type registration java.util.Locale -> org.hibernate.type.BasicTypeReference@d611f1c
2023-09-29T18:58:28.078-05:00 DEBUG 23862 --- [           main] org.hibernate.type.BasicTypeRegistry     : Adding type registration serializable -> org.hibernate.type.BasicTypeReference@4f2d014a
2023-09-29T18:58:28.078-05:00 DEBUG 23862 --- [           main] org.hibernate.type.BasicTypeRegistry     : Adding type registration java.io.Serializable -> org.hibernate.type.BasicTypeReference@4f2d014a
2023-09-29T18:58:28.078-05:00 DEBUG 23862 --- [           main] org.hibernate.type.BasicTypeRegistry     : Adding type registration timezone -> org.hibernate.type.BasicTypeReference@51fc862e
2023-09-29T18:58:28.079-05:00 DEBUG 23862 --- [           main] org.hibernate.type.BasicTypeRegistry     : Adding type registration java.util.TimeZone -> org.hibernate.type.BasicTypeReference@51fc862e
2023-09-29T18:58:28.079-05:00 DEBUG 23862 --- [           main] org.hibernate.type.BasicTypeRegistry     : Adding type registration ZoneOffset -> org.hibernate.type.BasicTypeReference@a7cf42f
2023-09-29T18:58:28.079-05:00 DEBUG 23862 --- [           main] org.hibernate.type.BasicTypeRegistry     : Adding type registration java.time.ZoneOffset -> org.hibernate.type.BasicTypeReference@a7cf42f
2023-09-29T18:58:28.079-05:00 DEBUG 23862 --- [           main] org.hibernate.type.BasicTypeRegistry     : Adding type registration url -> org.hibernate.type.BasicTypeReference@fe09383
2023-09-29T18:58:28.079-05:00 DEBUG 23862 --- [           main] org.hibernate.type.BasicTypeRegistry     : Adding type registration java.net.URL -> org.hibernate.type.BasicTypeReference@fe09383
2023-09-29T18:58:28.079-05:00 DEBUG 23862 --- [           main] org.hibernate.type.BasicTypeRegistry     : Adding type registration row_version -> org.hibernate.type.BasicTypeReference@28e0e464
2023-09-29T18:58:28.082-05:00 DEBUG 23862 --- [           main] org.hibernate.type.BasicTypeRegistry     : Adding type registration object -> org.hibernate.type.JavaObjectType@7ba93755
2023-09-29T18:58:28.082-05:00 DEBUG 23862 --- [           main] org.hibernate.type.BasicTypeRegistry     : Adding type registration java.lang.Object -> org.hibernate.type.JavaObjectType@7ba93755
2023-09-29T18:58:28.083-05:00 DEBUG 23862 --- [           main] org.hibernate.type.BasicTypeRegistry     : Adding type registration null -> org.hibernate.type.NullType@1ba467c2
2023-09-29T18:58:28.083-05:00 DEBUG 23862 --- [           main] org.hibernate.type.BasicTypeRegistry     : Adding type registration imm_date -> org.hibernate.type.BasicTypeReference@63f6bed1
2023-09-29T18:58:28.084-05:00 DEBUG 23862 --- [           main] org.hibernate.type.BasicTypeRegistry     : Adding type registration imm_time -> org.hibernate.type.BasicTypeReference@7ef8eda7
2023-09-29T18:58:28.084-05:00 DEBUG 23862 --- [           main] org.hibernate.type.BasicTypeRegistry     : Adding type registration imm_timestamp -> org.hibernate.type.BasicTypeReference@115ca7de
2023-09-29T18:58:28.084-05:00 DEBUG 23862 --- [           main] org.hibernate.type.BasicTypeRegistry     : Adding type registration imm_calendar -> org.hibernate.type.BasicTypeReference@29fe4840
2023-09-29T18:58:28.084-05:00 DEBUG 23862 --- [           main] org.hibernate.type.BasicTypeRegistry     : Adding type registration imm_calendar_date -> org.hibernate.type.BasicTypeReference@7f287b98
2023-09-29T18:58:28.084-05:00 DEBUG 23862 --- [           main] org.hibernate.type.BasicTypeRegistry     : Adding type registration imm_calendar_time -> org.hibernate.type.BasicTypeReference@4684240f
2023-09-29T18:58:28.084-05:00 DEBUG 23862 --- [           main] org.hibernate.type.BasicTypeRegistry     : Adding type registration imm_binary -> org.hibernate.type.BasicTypeReference@32120956
2023-09-29T18:58:28.084-05:00 DEBUG 23862 --- [           main] org.hibernate.type.BasicTypeRegistry     : Adding type registration imm_serializable -> org.hibernate.type.BasicTypeReference@6975fb1c
2023-09-29T18:58:28.099-05:00  INFO 23862 --- [           main] o.h.b.i.BytecodeProviderInitiator        : HHH000021: Bytecode provider name : bytebuddy
2023-09-29T18:58:28.187-05:00  INFO 23862 --- [           main] o.s.o.j.p.SpringPersistenceUnitInfo      : No LoadTimeWeaver setup: ignoring JPA class transformer
2023-09-29T18:58:28.205-05:00  INFO 23862 --- [           main] com.zaxxer.hikari.HikariDataSource       : HikariPool-1 - Starting...
2023-09-29T18:58:28.476-05:00  INFO 23862 --- [           main] com.zaxxer.hikari.pool.HikariPool        : HikariPool-1 - Added connection org.postgresql.jdbc.PgConnection@5c234920
2023-09-29T18:58:28.478-05:00  INFO 23862 --- [           main] com.zaxxer.hikari.HikariDataSource       : HikariPool-1 - Start completed.
2023-09-29T18:58:28.519-05:00 DEBUG 23862 --- [           main] o.h.t.d.sql.spi.DdlTypeRegistry          : addDescriptor(6, org.hibernate.type.descriptor.sql.internal.CapacityDependentDdlType@21516c88) replaced previous registration(org.hibernate.type.descriptor.sql.internal.DdlTypeImpl@1c7cd434)
2023-09-29T18:58:28.520-05:00 DEBUG 23862 --- [           main] o.h.t.d.jdbc.spi.JdbcTypeRegistry        : addDescriptor(2004, BlobTypeDescriptor(BLOB_BINDING)) replaced previous registration(BlobTypeDescriptor(DEFAULT))
2023-09-29T18:58:28.520-05:00 DEBUG 23862 --- [           main] o.h.t.d.jdbc.spi.JdbcTypeRegistry        : addDescriptor(2005, ClobTypeDescriptor(CLOB_BINDING)) replaced previous registration(ClobTypeDescriptor(DEFAULT))
2023-09-29T18:58:28.527-05:00 DEBUG 23862 --- [           main] org.hibernate.type.BasicTypeRegistry     : Adding type registration JAVA_OBJECT -> org.hibernate.type.JavaObjectType@25e8e59
2023-09-29T18:58:28.527-05:00 DEBUG 23862 --- [           main] org.hibernate.type.BasicTypeRegistry     : Adding type registration java.lang.Object -> org.hibernate.type.JavaObjectType@25e8e59
2023-09-29T18:58:28.527-05:00 DEBUG 23862 --- [           main] org.hibernate.type.BasicTypeRegistry     : Type registration key [java.lang.Object] overrode previous entry : `org.hibernate.type.JavaObjectType@7ba93755`
2023-09-29T18:58:28.529-05:00 DEBUG 23862 --- [           main] org.hibernate.type.BasicTypeRegistry     : Adding type registration Duration -> basicType@1(java.time.Duration,2)
2023-09-29T18:58:28.530-05:00 DEBUG 23862 --- [           main] org.hibernate.type.BasicTypeRegistry     : Adding type registration java.time.Duration -> basicType@1(java.time.Duration,2)
2023-09-29T18:58:28.532-05:00 DEBUG 23862 --- [           main] org.hibernate.type.BasicTypeRegistry     : Adding type registration org.hibernate.type.OffsetDateTimeType -> basicType@2(java.time.OffsetDateTime,3003)
2023-09-29T18:58:28.532-05:00 DEBUG 23862 --- [           main] org.hibernate.type.BasicTypeRegistry     : Adding type registration OffsetDateTime -> basicType@2(java.time.OffsetDateTime,3003)
2023-09-29T18:58:28.532-05:00 DEBUG 23862 --- [           main] org.hibernate.type.BasicTypeRegistry     : Adding type registration java.time.OffsetDateTime -> basicType@2(java.time.OffsetDateTime,3003)
2023-09-29T18:58:28.532-05:00 DEBUG 23862 --- [           main] org.hibernate.type.BasicTypeRegistry     : Adding type registration org.hibernate.type.ZonedDateTimeType -> basicType@3(java.time.ZonedDateTime,3003)
2023-09-29T18:58:28.532-05:00 DEBUG 23862 --- [           main] org.hibernate.type.BasicTypeRegistry     : Adding type registration ZonedDateTime -> basicType@3(java.time.ZonedDateTime,3003)
2023-09-29T18:58:28.532-05:00 DEBUG 23862 --- [           main] org.hibernate.type.BasicTypeRegistry     : Adding type registration java.time.ZonedDateTime -> basicType@3(java.time.ZonedDateTime,3003)
2023-09-29T18:58:28.533-05:00 DEBUG 23862 --- [           main] org.hibernate.type.BasicTypeRegistry     : Adding type registration org.hibernate.type.OffsetTimeType -> basicType@4(java.time.OffsetTime,3007)
2023-09-29T18:58:28.533-05:00 DEBUG 23862 --- [           main] org.hibernate.type.BasicTypeRegistry     : Adding type registration OffsetTime -> basicType@4(java.time.OffsetTime,3007)
2023-09-29T18:58:28.533-05:00 DEBUG 23862 --- [           main] org.hibernate.type.BasicTypeRegistry     : Adding type registration java.time.OffsetTime -> basicType@4(java.time.OffsetTime,3007)
2023-09-29T18:58:28.534-05:00 DEBUG 23862 --- [           main] o.h.type.spi.TypeConfiguration$Scope     : Scoping TypeConfiguration [org.hibernate.type.spi.TypeConfiguration@1412682c] to MetadataBuildingContext [org.hibernate.boot.internal.MetadataBuildingContextRootImpl@53bb71e5]
2023-09-29T18:58:28.570-05:00  INFO 23862 --- [           main] o.h.b.i.BytecodeProviderInitiator        : HHH000021: Bytecode provider name : bytebuddy
2023-09-29T18:58:28.730-05:00  INFO 23862 --- [           main] o.h.e.t.j.p.i.JtaPlatformInitiator       : HHH000490: Using JtaPlatform implementation: [org.hibernate.engine.transaction.jta.platform.internal.NoJtaPlatform]
2023-09-29T18:58:28.730-05:00 DEBUG 23862 --- [           main] o.h.type.spi.TypeConfiguration$Scope     : Scoping TypeConfiguration [org.hibernate.type.spi.TypeConfiguration@1412682c] to SessionFactoryImplementor [org.hibernate.internal.SessionFactoryImpl@305e95a4]
2023-09-29T18:58:28.734-05:00 TRACE 23862 --- [           main] o.h.type.spi.TypeConfiguration$Scope     : Handling #sessionFactoryCreated from [org.hibernate.internal.SessionFactoryImpl@305e95a4] for TypeConfiguration
2023-09-29T18:58:28.734-05:00  INFO 23862 --- [           main] j.LocalContainerEntityManagerFactoryBean : Initialized JPA EntityManagerFactory for persistence unit 'default'
2023-09-29T18:58:28.850-05:00  WARN 23862 --- [           main] JpaBaseConfiguration$JpaWebConfiguration : spring.jpa.open-in-view is enabled by default. Therefore, database queries may be performed during view rendering. Explicitly configure spring.jpa.open-in-view to disable this warning
2023-09-29T18:58:29.012-05:00  INFO 23862 --- [           main] o.s.b.a.w.s.WelcomePageHandlerMapping    : Adding welcome page: class path resource [static/index.html]
2023-09-29T18:58:29.193-05:00  INFO 23862 --- [           main] c.p.u.UnieventiaApplicationTests         : Started UnieventiaApplicationTests in 2.214 seconds (process running for 3.003)
]]></system-out>
  </testcase>
</testsuite>